<?xml version="1.0" encoding="UTF-8"?>
<testsuite xmlns:xsi="http://www.w3.org/2001/XMLSchema-instance" xsi:noNamespaceSchemaLocation="https://maven.apache.org/surefire/maven-surefire-plugin/xsd/surefire-test-report.xsd" version="3.0.2" name="com.get.erpintegration.ERPIntegrationApplicationTests" time="6.899" tests="1" errors="0" skipped="0" failures="0">
  <properties>
    <property name="java.specification.version" value="17"/>
    <property name="sun.cpu.isalist" value="amd64"/>
    <property name="sun.jnu.encoding" value="Cp1252"/>
    <property name="java.class.path" value="C:\Srinivas_Developer\myfinalyst\apps\myfinalysterpint\target\test-classes;C:\Srinivas_Developer\myfinalyst\apps\myfinalysterpint\target\classes;C:\Users\Admin\.m2\repository\org\springframework\boot\spring-boot-starter-web\3.4.1\spring-boot-starter-web-3.4.1.jar;C:\Users\Admin\.m2\repository\org\springframework\boot\spring-boot-starter-json\3.4.1\spring-boot-starter-json-3.4.1.jar;C:\Users\Admin\.m2\repository\com\fasterxml\jackson\datatype\jackson-datatype-jdk8\2.18.2\jackson-datatype-jdk8-2.18.2.jar;C:\Users\Admin\.m2\repository\com\fasterxml\jackson\datatype\jackson-datatype-jsr310\2.18.2\jackson-datatype-jsr310-2.18.2.jar;C:\Users\Admin\.m2\repository\com\fasterxml\jackson\module\jackson-module-parameter-names\2.18.2\jackson-module-parameter-names-2.18.2.jar;C:\Users\Admin\.m2\repository\org\springframework\boot\spring-boot-starter-tomcat\3.4.1\spring-boot-starter-tomcat-3.4.1.jar;C:\Users\Admin\.m2\repository\org\apache\tomcat\embed\tomcat-embed-core\10.1.34\tomcat-embed-core-10.1.34.jar;C:\Users\Admin\.m2\repository\org\apache\tomcat\embed\tomcat-embed-el\10.1.34\tomcat-embed-el-10.1.34.jar;C:\Users\Admin\.m2\repository\org\apache\tomcat\embed\tomcat-embed-websocket\10.1.34\tomcat-embed-websocket-10.1.34.jar;C:\Users\Admin\.m2\repository\org\springframework\spring-web\6.2.1\spring-web-6.2.1.jar;C:\Users\Admin\.m2\repository\io\micrometer\micrometer-observation\1.14.2\micrometer-observation-1.14.2.jar;C:\Users\Admin\.m2\repository\io\micrometer\micrometer-commons\1.14.2\micrometer-commons-1.14.2.jar;C:\Users\Admin\.m2\repository\org\springframework\spring-webmvc\6.2.1\spring-webmvc-6.2.1.jar;C:\Users\Admin\.m2\repository\org\springframework\spring-aop\6.2.1\spring-aop-6.2.1.jar;C:\Users\Admin\.m2\repository\org\springframework\spring-context\6.2.1\spring-context-6.2.1.jar;C:\Users\Admin\.m2\repository\org\springframework\spring-expression\6.2.1\spring-expression-6.2.1.jar;C:\Users\Admin\.m2\repository\org\springframework\boot\spring-boot-starter-test\3.4.1\spring-boot-starter-test-3.4.1.jar;C:\Users\Admin\.m2\repository\org\springframework\boot\spring-boot-test\3.4.1\spring-boot-test-3.4.1.jar;C:\Users\Admin\.m2\repository\org\springframework\boot\spring-boot-test-autoconfigure\3.4.1\spring-boot-test-autoconfigure-3.4.1.jar;C:\Users\Admin\.m2\repository\com\jayway\jsonpath\json-path\2.9.0\json-path-2.9.0.jar;C:\Users\Admin\.m2\repository\jakarta\xml\bind\jakarta.xml.bind-api\4.0.2\jakarta.xml.bind-api-4.0.2.jar;C:\Users\Admin\.m2\repository\jakarta\activation\jakarta.activation-api\2.1.3\jakarta.activation-api-2.1.3.jar;C:\Users\Admin\.m2\repository\net\minidev\json-smart\2.5.1\json-smart-2.5.1.jar;C:\Users\Admin\.m2\repository\net\minidev\accessors-smart\2.5.1\accessors-smart-2.5.1.jar;C:\Users\Admin\.m2\repository\org\ow2\asm\asm\9.6\asm-9.6.jar;C:\Users\Admin\.m2\repository\org\assertj\assertj-core\3.26.3\assertj-core-3.26.3.jar;C:\Users\Admin\.m2\repository\net\bytebuddy\byte-buddy\1.15.11\byte-buddy-1.15.11.jar;C:\Users\Admin\.m2\repository\org\awaitility\awaitility\4.2.2\awaitility-4.2.2.jar;C:\Users\Admin\.m2\repository\org\hamcrest\hamcrest\2.2\hamcrest-2.2.jar;C:\Users\Admin\.m2\repository\org\junit\jupiter\junit-jupiter\5.11.4\junit-jupiter-5.11.4.jar;C:\Users\Admin\.m2\repository\org\junit\jupiter\junit-jupiter-api\5.11.4\junit-jupiter-api-5.11.4.jar;C:\Users\Admin\.m2\repository\org\opentest4j\opentest4j\1.3.0\opentest4j-1.3.0.jar;C:\Users\Admin\.m2\repository\org\junit\platform\junit-platform-commons\1.11.4\junit-platform-commons-1.11.4.jar;C:\Users\Admin\.m2\repository\org\apiguardian\apiguardian-api\1.1.2\apiguardian-api-1.1.2.jar;C:\Users\Admin\.m2\repository\org\junit\jupiter\junit-jupiter-params\5.11.4\junit-jupiter-params-5.11.4.jar;C:\Users\Admin\.m2\repository\org\junit\jupiter\junit-jupiter-engine\5.11.4\junit-jupiter-engine-5.11.4.jar;C:\Users\Admin\.m2\repository\org\junit\platform\junit-platform-engine\1.11.4\junit-platform-engine-1.11.4.jar;C:\Users\Admin\.m2\repository\org\mockito\mockito-core\5.14.2\mockito-core-5.14.2.jar;C:\Users\Admin\.m2\repository\net\bytebuddy\byte-buddy-agent\1.15.11\byte-buddy-agent-1.15.11.jar;C:\Users\Admin\.m2\repository\org\objenesis\objenesis\3.3\objenesis-3.3.jar;C:\Users\Admin\.m2\repository\org\mockito\mockito-junit-jupiter\5.14.2\mockito-junit-jupiter-5.14.2.jar;C:\Users\Admin\.m2\repository\org\skyscreamer\jsonassert\1.5.3\jsonassert-1.5.3.jar;C:\Users\Admin\.m2\repository\com\vaadin\external\google\android-json\0.0.20131108.vaadin1\android-json-0.0.20131108.vaadin1.jar;C:\Users\Admin\.m2\repository\org\springframework\spring-core\6.2.1\spring-core-6.2.1.jar;C:\Users\Admin\.m2\repository\org\springframework\spring-jcl\6.2.1\spring-jcl-6.2.1.jar;C:\Users\Admin\.m2\repository\org\springframework\spring-test\6.2.1\spring-test-6.2.1.jar;C:\Users\Admin\.m2\repository\org\xmlunit\xmlunit-core\2.10.0\xmlunit-core-2.10.0.jar;C:\Users\Admin\.m2\repository\com\fasterxml\jackson\dataformat\jackson-dataformat-xml\2.13.0\jackson-dataformat-xml-2.13.0.jar;C:\Users\Admin\.m2\repository\com\fasterxml\jackson\core\jackson-core\2.18.2\jackson-core-2.18.2.jar;C:\Users\Admin\.m2\repository\com\fasterxml\jackson\core\jackson-annotations\2.18.2\jackson-annotations-2.18.2.jar;C:\Users\Admin\.m2\repository\com\fasterxml\jackson\core\jackson-databind\2.18.2\jackson-databind-2.18.2.jar;C:\Users\Admin\.m2\repository\org\codehaus\woodstox\stax2-api\4.2.1\stax2-api-4.2.1.jar;C:\Users\Admin\.m2\repository\com\fasterxml\woodstox\woodstox-core\6.2.6\woodstox-core-6.2.6.jar;C:\Users\Admin\.m2\repository\org\springframework\spring-oxm\6.2.1\spring-oxm-6.2.1.jar;C:\Users\Admin\.m2\repository\org\springframework\spring-beans\6.2.1\spring-beans-6.2.1.jar;C:\Users\Admin\.m2\repository\org\apache\camel\springboot\camel-spring-boot-starter\3.20.5\camel-spring-boot-starter-3.20.5.jar;C:\Users\Admin\.m2\repository\org\apache\camel\springboot\camel-spring-boot\3.20.5\camel-spring-boot-3.20.5.jar;C:\Users\Admin\.m2\repository\org\apache\camel\camel-spring\3.20.5\camel-spring-3.20.5.jar;C:\Users\Admin\.m2\repository\org\apache\camel\camel-spring-main\3.20.5\camel-spring-main-3.20.5.jar;C:\Users\Admin\.m2\repository\org\apache\camel\camel-main\3.20.5\camel-main-3.20.5.jar;C:\Users\Admin\.m2\repository\org\apache\camel\camel-util-json\3.20.5\camel-util-json-3.20.5.jar;C:\Users\Admin\.m2\repository\org\apache\camel\camel-xml-jaxb-dsl\3.20.5\camel-xml-jaxb-dsl-3.20.5.jar;C:\Users\Admin\.m2\repository\org\apache\camel\camel-dsl-support\3.20.5\camel-dsl-support-3.20.5.jar;C:\Users\Admin\.m2\repository\org\apache\camel\camel-spring-xml\3.20.5\camel-spring-xml-3.20.5.jar;C:\Users\Admin\.m2\repository\org\apache\camel\camel-core-xml\3.20.5\camel-core-xml-3.20.5.jar;C:\Users\Admin\.m2\repository\javax\annotation\javax.annotation-api\1.3.2\javax.annotation-api-1.3.2.jar;C:\Users\Admin\.m2\repository\org\apache\camel\springboot\camel-core-starter\3.20.5\camel-core-starter-3.20.5.jar;C:\Users\Admin\.m2\repository\org\apache\camel\springboot\camel-bean-starter\3.20.5\camel-bean-starter-3.20.5.jar;C:\Users\Admin\.m2\repository\org\apache\camel\springboot\camel-browse-starter\3.20.5\camel-browse-starter-3.20.5.jar;C:\Users\Admin\.m2\repository\org\apache\camel\springboot\camel-controlbus-starter\3.20.5\camel-controlbus-starter-3.20.5.jar;C:\Users\Admin\.m2\repository\org\apache\camel\springboot\camel-dataformat-starter\3.20.5\camel-dataformat-starter-3.20.5.jar;C:\Users\Admin\.m2\repository\org\apache\camel\springboot\camel-dataset-starter\3.20.5\camel-dataset-starter-3.20.5.jar;C:\Users\Admin\.m2\repository\org\apache\camel\springboot\camel-direct-starter\3.20.5\camel-direct-starter-3.20.5.jar;C:\Users\Admin\.m2\repository\org\apache\camel\springboot\camel-directvm-starter\3.20.5\camel-directvm-starter-3.20.5.jar;C:\Users\Admin\.m2\repository\org\apache\camel\springboot\camel-file-starter\3.20.5\camel-file-starter-3.20.5.jar;C:\Users\Admin\.m2\repository\org\apache\camel\springboot\camel-language-starter\3.20.5\camel-language-starter-3.20.5.jar;C:\Users\Admin\.m2\repository\org\apache\camel\springboot\camel-log-starter\3.20.5\camel-log-starter-3.20.5.jar;C:\Users\Admin\.m2\repository\org\apache\camel\springboot\camel-mock-starter\3.20.5\camel-mock-starter-3.20.5.jar;C:\Users\Admin\.m2\repository\org\apache\camel\springboot\camel-ref-starter\3.20.5\camel-ref-starter-3.20.5.jar;C:\Users\Admin\.m2\repository\org\apache\camel\springboot\camel-rest-starter\3.20.5\camel-rest-starter-3.20.5.jar;C:\Users\Admin\.m2\repository\org\apache\camel\springboot\camel-saga-starter\3.20.5\camel-saga-starter-3.20.5.jar;C:\Users\Admin\.m2\repository\org\apache\camel\springboot\camel-scheduler-starter\3.20.5\camel-scheduler-starter-3.20.5.jar;C:\Users\Admin\.m2\repository\org\apache\camel\springboot\camel-seda-starter\3.20.5\camel-seda-starter-3.20.5.jar;C:\Users\Admin\.m2\repository\org\apache\camel\springboot\camel-stub-starter\3.20.5\camel-stub-starter-3.20.5.jar;C:\Users\Admin\.m2\repository\org\apache\camel\springboot\camel-timer-starter\3.20.5\camel-timer-starter-3.20.5.jar;C:\Users\Admin\.m2\repository\org\apache\camel\springboot\camel-validator-starter\3.20.5\camel-validator-starter-3.20.5.jar;C:\Users\Admin\.m2\repository\org\apache\camel\springboot\camel-vm-starter\3.20.5\camel-vm-starter-3.20.5.jar;C:\Users\Admin\.m2\repository\org\apache\camel\springboot\camel-xpath-starter\3.20.5\camel-xpath-starter-3.20.5.jar;C:\Users\Admin\.m2\repository\org\apache\camel\springboot\camel-xslt-starter\3.20.5\camel-xslt-starter-3.20.5.jar;C:\Users\Admin\.m2\repository\org\apache\camel\springboot\camel-xml-jaxp-starter\3.20.5\camel-xml-jaxp-starter-3.20.5.jar;C:\Users\Admin\.m2\repository\org\apache\camel\camel-core\3.21.0\camel-core-3.21.0.jar;C:\Users\Admin\.m2\repository\org\apache\camel\camel-core-engine\3.21.0\camel-core-engine-3.21.0.jar;C:\Users\Admin\.m2\repository\org\apache\camel\camel-api\3.21.0\camel-api-3.21.0.jar;C:\Users\Admin\.m2\repository\org\apache\camel\camel-base-engine\3.21.0\camel-base-engine-3.21.0.jar;C:\Users\Admin\.m2\repository\org\apache\camel\camel-base\3.21.0\camel-base-3.21.0.jar;C:\Users\Admin\.m2\repository\org\apache\camel\camel-core-reifier\3.21.0\camel-core-reifier-3.21.0.jar;C:\Users\Admin\.m2\repository\org\apache\camel\camel-core-processor\3.21.0\camel-core-processor-3.21.0.jar;C:\Users\Admin\.m2\repository\org\apache\camel\camel-management-api\3.21.0\camel-management-api-3.21.0.jar;C:\Users\Admin\.m2\repository\org\apache\camel\camel-support\3.21.0\camel-support-3.21.0.jar;C:\Users\Admin\.m2\repository\org\apache\camel\camel-util\3.21.0\camel-util-3.21.0.jar;C:\Users\Admin\.m2\repository\org\apache\camel\camel-core-languages\3.21.0\camel-core-languages-3.21.0.jar;C:\Users\Admin\.m2\repository\org\apache\camel\camel-core-model\3.21.0\camel-core-model-3.21.0.jar;C:\Users\Admin\.m2\repository\org\apache\camel\camel-bean\3.21.0\camel-bean-3.21.0.jar;C:\Users\Admin\.m2\repository\org\apache\camel\camel-browse\3.21.0\camel-browse-3.21.0.jar;C:\Users\Admin\.m2\repository\org\apache\camel\camel-cluster\3.21.0\camel-cluster-3.21.0.jar;C:\Users\Admin\.m2\repository\org\apache\camel\camel-controlbus\3.21.0\camel-controlbus-3.21.0.jar;C:\Users\Admin\.m2\repository\org\apache\camel\camel-dataformat\3.21.0\camel-dataformat-3.21.0.jar;C:\Users\Admin\.m2\repository\org\apache\camel\camel-dataset\3.21.0\camel-dataset-3.21.0.jar;C:\Users\Admin\.m2\repository\org\apache\camel\camel-direct\3.21.0\camel-direct-3.21.0.jar;C:\Users\Admin\.m2\repository\org\apache\camel\camel-directvm\3.21.0\camel-directvm-3.21.0.jar;C:\Users\Admin\.m2\repository\org\apache\camel\camel-file\3.21.0\camel-file-3.21.0.jar;C:\Users\Admin\.m2\repository\org\apache\camel\camel-health\3.21.0\camel-health-3.21.0.jar;C:\Users\Admin\.m2\repository\org\apache\camel\camel-language\3.21.0\camel-language-3.21.0.jar;C:\Users\Admin\.m2\repository\org\apache\camel\camel-log\3.21.0\camel-log-3.21.0.jar;C:\Users\Admin\.m2\repository\org\apache\camel\camel-mock\3.21.0\camel-mock-3.21.0.jar;C:\Users\Admin\.m2\repository\org\apache\camel\camel-ref\3.21.0\camel-ref-3.21.0.jar;C:\Users\Admin\.m2\repository\org\apache\camel\camel-rest\3.21.0\camel-rest-3.21.0.jar;C:\Users\Admin\.m2\repository\org\apache\camel\camel-tooling-model\3.21.0\camel-tooling-model-3.21.0.jar;C:\Users\Admin\.m2\repository\org\apache\camel\camel-saga\3.21.0\camel-saga-3.21.0.jar;C:\Users\Admin\.m2\repository\org\apache\camel\camel-scheduler\3.21.0\camel-scheduler-3.21.0.jar;C:\Users\Admin\.m2\repository\org\apache\camel\camel-seda\3.21.0\camel-seda-3.21.0.jar;C:\Users\Admin\.m2\repository\org\apache\camel\camel-stub\3.21.0\camel-stub-3.21.0.jar;C:\Users\Admin\.m2\repository\org\apache\camel\camel-timer\3.21.0\camel-timer-3.21.0.jar;C:\Users\Admin\.m2\repository\org\apache\camel\camel-validator\3.21.0\camel-validator-3.21.0.jar;C:\Users\Admin\.m2\repository\org\apache\camel\camel-vm\3.21.0\camel-vm-3.21.0.jar;C:\Users\Admin\.m2\repository\org\apache\camel\camel-xpath\3.21.0\camel-xpath-3.21.0.jar;C:\Users\Admin\.m2\repository\org\apache\camel\camel-xslt\3.21.0\camel-xslt-3.21.0.jar;C:\Users\Admin\.m2\repository\org\apache\camel\camel-xml-jaxb\3.21.0\camel-xml-jaxb-3.21.0.jar;C:\Users\Admin\.m2\repository\com\sun\xml\bind\jaxb-core\4.0.5\jaxb-core-4.0.5.jar;C:\Users\Admin\.m2\repository\org\eclipse\angus\angus-activation\2.0.2\angus-activation-2.0.2.jar;C:\Users\Admin\.m2\repository\com\sun\xml\bind\jaxb-impl\4.0.5\jaxb-impl-4.0.5.jar;C:\Users\Admin\.m2\repository\org\apache\camel\camel-xml-jaxp\3.21.0\camel-xml-jaxp-3.21.0.jar;C:\Users\Admin\.m2\repository\org\apache\camel\camel-xml-io-util\3.21.0\camel-xml-io-util-3.21.0.jar;C:\Users\Admin\.m2\repository\org\slf4j\slf4j-api\2.0.16\slf4j-api-2.0.16.jar;C:\Users\Admin\.m2\repository\javax\xml\bind\jaxb-api\2.3.0\jaxb-api-2.3.0.jar;C:\Users\Admin\.m2\repository\org\springframework\boot\spring-boot-starter\3.4.1\spring-boot-starter-3.4.1.jar;C:\Users\Admin\.m2\repository\org\springframework\boot\spring-boot\3.4.1\spring-boot-3.4.1.jar;C:\Users\Admin\.m2\repository\org\springframework\boot\spring-boot-autoconfigure\3.4.1\spring-boot-autoconfigure-3.4.1.jar;C:\Users\Admin\.m2\repository\jakarta\annotation\jakarta.annotation-api\2.1.1\jakarta.annotation-api-2.1.1.jar;C:\Users\Admin\.m2\repository\org\yaml\snakeyaml\2.3\snakeyaml-2.3.jar;C:\Users\Admin\.m2\repository\org\springframework\boot\spring-boot-starter-logging\3.4.1\spring-boot-starter-logging-3.4.1.jar;C:\Users\Admin\.m2\repository\ch\qos\logback\logback-classic\1.5.12\logback-classic-1.5.12.jar;C:\Users\Admin\.m2\repository\ch\qos\logback\logback-core\1.5.12\logback-core-1.5.12.jar;C:\Users\Admin\.m2\repository\org\apache\logging\log4j\log4j-to-slf4j\2.24.3\log4j-to-slf4j-2.24.3.jar;C:\Users\Admin\.m2\repository\org\apache\logging\log4j\log4j-api\2.24.3\log4j-api-2.24.3.jar;C:\Users\Admin\.m2\repository\org\slf4j\jul-to-slf4j\2.0.16\jul-to-slf4j-2.0.16.jar;C:\Users\Admin\.m2\repository\org\apache\camel\camel-http\3.21.0\camel-http-3.21.0.jar;C:\Users\Admin\.m2\repository\org\apache\camel\camel-cloud\3.21.0\camel-cloud-3.21.0.jar;C:\Users\Admin\.m2\repository\org\apache\camel\camel-http-common\3.21.0\camel-http-common-3.21.0.jar;C:\Users\Admin\.m2\repository\org\apache\camel\camel-http-base\3.21.0\camel-http-base-3.21.0.jar;C:\Users\Admin\.m2\repository\org\apache\camel\camel-attachments\3.21.0\camel-attachments-3.21.0.jar;C:\Users\Admin\.m2\repository\com\sun\activation\javax.activation\1.2.0\javax.activation-1.2.0.jar;C:\Users\Admin\.m2\repository\javax\servlet\javax.servlet-api\3.1.0\javax.servlet-api-3.1.0.jar;C:\Users\Admin\.m2\repository\org\apache\httpcomponents\httpclient\4.5.14\httpclient-4.5.14.jar;C:\Users\Admin\.m2\repository\org\apache\httpcomponents\httpcore\4.4.16\httpcore-4.4.16.jar;C:\Users\Admin\.m2\repository\commons-logging\commons-logging\1.2\commons-logging-1.2.jar;C:\Users\Admin\.m2\repository\commons-codec\commons-codec\1.17.1\commons-codec-1.17.1.jar;C:\Users\Admin\.m2\repository\org\springframework\boot\spring-boot-starter-data-mongodb\3.4.1\spring-boot-starter-data-mongodb-3.4.1.jar;C:\Users\Admin\.m2\repository\org\mongodb\mongodb-driver-sync\5.2.1\mongodb-driver-sync-5.2.1.jar;C:\Users\Admin\.m2\repository\org\mongodb\bson\5.2.1\bson-5.2.1.jar;C:\Users\Admin\.m2\repository\org\mongodb\mongodb-driver-core\5.2.1\mongodb-driver-core-5.2.1.jar;C:\Users\Admin\.m2\repository\org\mongodb\bson-record-codec\5.2.1\bson-record-codec-5.2.1.jar;C:\Users\Admin\.m2\repository\org\springframework\data\spring-data-mongodb\4.4.1\spring-data-mongodb-4.4.1.jar;C:\Users\Admin\.m2\repository\org\springframework\spring-tx\6.2.1\spring-tx-6.2.1.jar;C:\Users\Admin\.m2\repository\org\springframework\data\spring-data-commons\3.4.1\spring-data-commons-3.4.1.jar;"/>
    <property name="java.vm.vendor" value="Microsoft"/>
    <property name="sun.arch.data.model" value="64"/>
    <property name="user.variant" value=""/>
    <property name="java.vendor.url" value="https://www.microsoft.com"/>
    <property name="user.timezone" value="Asia/Calcutta"/>
    <property name="os.name" value="Windows 11"/>
    <property name="java.vm.specification.version" value="17"/>
    <property name="APPLICATION_NAME" value="myfinalysterpint"/>
    <property name="sun.java.launcher" value="SUN_STANDARD"/>
    <property name="user.country" value="IN"/>
    <property name="sun.boot.library.path" value="C:\Program Files\Microsoft\jdk-17.0.8.7-hotspot\bin"/>
    <property name="sun.java.command" value="C:\Users\Admin\AppData\Local\Temp\surefire5370227918151862206\surefirebooter-20250108151644802_3.jar C:\Users\Admin\AppData\Local\Temp\surefire5370227918151862206 2025-01-08T15-16-44_527-jvmRun1 surefire-20250108151644802_1tmp surefire_0-20250108151644802_2tmp"/>
    <property name="jdk.debug" value="release"/>
    <property name="surefire.test.class.path" value="C:\Srinivas_Developer\myfinalyst\apps\myfinalysterpint\target\test-classes;C:\Srinivas_Developer\myfinalyst\apps\myfinalysterpint\target\classes;C:\Users\Admin\.m2\repository\org\springframework\boot\spring-boot-starter-web\3.4.1\spring-boot-starter-web-3.4.1.jar;C:\Users\Admin\.m2\repository\org\springframework\boot\spring-boot-starter-json\3.4.1\spring-boot-starter-json-3.4.1.jar;C:\Users\Admin\.m2\repository\com\fasterxml\jackson\datatype\jackson-datatype-jdk8\2.18.2\jackson-datatype-jdk8-2.18.2.jar;C:\Users\Admin\.m2\repository\com\fasterxml\jackson\datatype\jackson-datatype-jsr310\2.18.2\jackson-datatype-jsr310-2.18.2.jar;C:\Users\Admin\.m2\repository\com\fasterxml\jackson\module\jackson-module-parameter-names\2.18.2\jackson-module-parameter-names-2.18.2.jar;C:\Users\Admin\.m2\repository\org\springframework\boot\spring-boot-starter-tomcat\3.4.1\spring-boot-starter-tomcat-3.4.1.jar;C:\Users\Admin\.m2\repository\org\apache\tomcat\embed\tomcat-embed-core\10.1.34\tomcat-embed-core-10.1.34.jar;C:\Users\Admin\.m2\repository\org\apache\tomcat\embed\tomcat-embed-el\10.1.34\tomcat-embed-el-10.1.34.jar;C:\Users\Admin\.m2\repository\org\apache\tomcat\embed\tomcat-embed-websocket\10.1.34\tomcat-embed-websocket-10.1.34.jar;C:\Users\Admin\.m2\repository\org\springframework\spring-web\6.2.1\spring-web-6.2.1.jar;C:\Users\Admin\.m2\repository\io\micrometer\micrometer-observation\1.14.2\micrometer-observation-1.14.2.jar;C:\Users\Admin\.m2\repository\io\micrometer\micrometer-commons\1.14.2\micrometer-commons-1.14.2.jar;C:\Users\Admin\.m2\repository\org\springframework\spring-webmvc\6.2.1\spring-webmvc-6.2.1.jar;C:\Users\Admin\.m2\repository\org\springframework\spring-aop\6.2.1\spring-aop-6.2.1.jar;C:\Users\Admin\.m2\repository\org\springframework\spring-context\6.2.1\spring-context-6.2.1.jar;C:\Users\Admin\.m2\repository\org\springframework\spring-expression\6.2.1\spring-expression-6.2.1.jar;C:\Users\Admin\.m2\repository\org\springframework\boot\spring-boot-starter-test\3.4.1\spring-boot-starter-test-3.4.1.jar;C:\Users\Admin\.m2\repository\org\springframework\boot\spring-boot-test\3.4.1\spring-boot-test-3.4.1.jar;C:\Users\Admin\.m2\repository\org\springframework\boot\spring-boot-test-autoconfigure\3.4.1\spring-boot-test-autoconfigure-3.4.1.jar;C:\Users\Admin\.m2\repository\com\jayway\jsonpath\json-path\2.9.0\json-path-2.9.0.jar;C:\Users\Admin\.m2\repository\jakarta\xml\bind\jakarta.xml.bind-api\4.0.2\jakarta.xml.bind-api-4.0.2.jar;C:\Users\Admin\.m2\repository\jakarta\activation\jakarta.activation-api\2.1.3\jakarta.activation-api-2.1.3.jar;C:\Users\Admin\.m2\repository\net\minidev\json-smart\2.5.1\json-smart-2.5.1.jar;C:\Users\Admin\.m2\repository\net\minidev\accessors-smart\2.5.1\accessors-smart-2.5.1.jar;C:\Users\Admin\.m2\repository\org\ow2\asm\asm\9.6\asm-9.6.jar;C:\Users\Admin\.m2\repository\org\assertj\assertj-core\3.26.3\assertj-core-3.26.3.jar;C:\Users\Admin\.m2\repository\net\bytebuddy\byte-buddy\1.15.11\byte-buddy-1.15.11.jar;C:\Users\Admin\.m2\repository\org\awaitility\awaitility\4.2.2\awaitility-4.2.2.jar;C:\Users\Admin\.m2\repository\org\hamcrest\hamcrest\2.2\hamcrest-2.2.jar;C:\Users\Admin\.m2\repository\org\junit\jupiter\junit-jupiter\5.11.4\junit-jupiter-5.11.4.jar;C:\Users\Admin\.m2\repository\org\junit\jupiter\junit-jupiter-api\5.11.4\junit-jupiter-api-5.11.4.jar;C:\Users\Admin\.m2\repository\org\opentest4j\opentest4j\1.3.0\opentest4j-1.3.0.jar;C:\Users\Admin\.m2\repository\org\junit\platform\junit-platform-commons\1.11.4\junit-platform-commons-1.11.4.jar;C:\Users\Admin\.m2\repository\org\apiguardian\apiguardian-api\1.1.2\apiguardian-api-1.1.2.jar;C:\Users\Admin\.m2\repository\org\junit\jupiter\junit-jupiter-params\5.11.4\junit-jupiter-params-5.11.4.jar;C:\Users\Admin\.m2\repository\org\junit\jupiter\junit-jupiter-engine\5.11.4\junit-jupiter-engine-5.11.4.jar;C:\Users\Admin\.m2\repository\org\junit\platform\junit-platform-engine\1.11.4\junit-platform-engine-1.11.4.jar;C:\Users\Admin\.m2\repository\org\mockito\mockito-core\5.14.2\mockito-core-5.14.2.jar;C:\Users\Admin\.m2\repository\net\bytebuddy\byte-buddy-agent\1.15.11\byte-buddy-agent-1.15.11.jar;C:\Users\Admin\.m2\repository\org\objenesis\objenesis\3.3\objenesis-3.3.jar;C:\Users\Admin\.m2\repository\org\mockito\mockito-junit-jupiter\5.14.2\mockito-junit-jupiter-5.14.2.jar;C:\Users\Admin\.m2\repository\org\skyscreamer\jsonassert\1.5.3\jsonassert-1.5.3.jar;C:\Users\Admin\.m2\repository\com\vaadin\external\google\android-json\0.0.20131108.vaadin1\android-json-0.0.20131108.vaadin1.jar;C:\Users\Admin\.m2\repository\org\springframework\spring-core\6.2.1\spring-core-6.2.1.jar;C:\Users\Admin\.m2\repository\org\springframework\spring-jcl\6.2.1\spring-jcl-6.2.1.jar;C:\Users\Admin\.m2\repository\org\springframework\spring-test\6.2.1\spring-test-6.2.1.jar;C:\Users\Admin\.m2\repository\org\xmlunit\xmlunit-core\2.10.0\xmlunit-core-2.10.0.jar;C:\Users\Admin\.m2\repository\com\fasterxml\jackson\dataformat\jackson-dataformat-xml\2.13.0\jackson-dataformat-xml-2.13.0.jar;C:\Users\Admin\.m2\repository\com\fasterxml\jackson\core\jackson-core\2.18.2\jackson-core-2.18.2.jar;C:\Users\Admin\.m2\repository\com\fasterxml\jackson\core\jackson-annotations\2.18.2\jackson-annotations-2.18.2.jar;C:\Users\Admin\.m2\repository\com\fasterxml\jackson\core\jackson-databind\2.18.2\jackson-databind-2.18.2.jar;C:\Users\Admin\.m2\repository\org\codehaus\woodstox\stax2-api\4.2.1\stax2-api-4.2.1.jar;C:\Users\Admin\.m2\repository\com\fasterxml\woodstox\woodstox-core\6.2.6\woodstox-core-6.2.6.jar;C:\Users\Admin\.m2\repository\org\springframework\spring-oxm\6.2.1\spring-oxm-6.2.1.jar;C:\Users\Admin\.m2\repository\org\springframework\spring-beans\6.2.1\spring-beans-6.2.1.jar;C:\Users\Admin\.m2\repository\org\apache\camel\springboot\camel-spring-boot-starter\3.20.5\camel-spring-boot-starter-3.20.5.jar;C:\Users\Admin\.m2\repository\org\apache\camel\springboot\camel-spring-boot\3.20.5\camel-spring-boot-3.20.5.jar;C:\Users\Admin\.m2\repository\org\apache\camel\camel-spring\3.20.5\camel-spring-3.20.5.jar;C:\Users\Admin\.m2\repository\org\apache\camel\camel-spring-main\3.20.5\camel-spring-main-3.20.5.jar;C:\Users\Admin\.m2\repository\org\apache\camel\camel-main\3.20.5\camel-main-3.20.5.jar;C:\Users\Admin\.m2\repository\org\apache\camel\camel-util-json\3.20.5\camel-util-json-3.20.5.jar;C:\Users\Admin\.m2\repository\org\apache\camel\camel-xml-jaxb-dsl\3.20.5\camel-xml-jaxb-dsl-3.20.5.jar;C:\Users\Admin\.m2\repository\org\apache\camel\camel-dsl-support\3.20.5\camel-dsl-support-3.20.5.jar;C:\Users\Admin\.m2\repository\org\apache\camel\camel-spring-xml\3.20.5\camel-spring-xml-3.20.5.jar;C:\Users\Admin\.m2\repository\org\apache\camel\camel-core-xml\3.20.5\camel-core-xml-3.20.5.jar;C:\Users\Admin\.m2\repository\javax\annotation\javax.annotation-api\1.3.2\javax.annotation-api-1.3.2.jar;C:\Users\Admin\.m2\repository\org\apache\camel\springboot\camel-core-starter\3.20.5\camel-core-starter-3.20.5.jar;C:\Users\Admin\.m2\repository\org\apache\camel\springboot\camel-bean-starter\3.20.5\camel-bean-starter-3.20.5.jar;C:\Users\Admin\.m2\repository\org\apache\camel\springboot\camel-browse-starter\3.20.5\camel-browse-starter-3.20.5.jar;C:\Users\Admin\.m2\repository\org\apache\camel\springboot\camel-controlbus-starter\3.20.5\camel-controlbus-starter-3.20.5.jar;C:\Users\Admin\.m2\repository\org\apache\camel\springboot\camel-dataformat-starter\3.20.5\camel-dataformat-starter-3.20.5.jar;C:\Users\Admin\.m2\repository\org\apache\camel\springboot\camel-dataset-starter\3.20.5\camel-dataset-starter-3.20.5.jar;C:\Users\Admin\.m2\repository\org\apache\camel\springboot\camel-direct-starter\3.20.5\camel-direct-starter-3.20.5.jar;C:\Users\Admin\.m2\repository\org\apache\camel\springboot\camel-directvm-starter\3.20.5\camel-directvm-starter-3.20.5.jar;C:\Users\Admin\.m2\repository\org\apache\camel\springboot\camel-file-starter\3.20.5\camel-file-starter-3.20.5.jar;C:\Users\Admin\.m2\repository\org\apache\camel\springboot\camel-language-starter\3.20.5\camel-language-starter-3.20.5.jar;C:\Users\Admin\.m2\repository\org\apache\camel\springboot\camel-log-starter\3.20.5\camel-log-starter-3.20.5.jar;C:\Users\Admin\.m2\repository\org\apache\camel\springboot\camel-mock-starter\3.20.5\camel-mock-starter-3.20.5.jar;C:\Users\Admin\.m2\repository\org\apache\camel\springboot\camel-ref-starter\3.20.5\camel-ref-starter-3.20.5.jar;C:\Users\Admin\.m2\repository\org\apache\camel\springboot\camel-rest-starter\3.20.5\camel-rest-starter-3.20.5.jar;C:\Users\Admin\.m2\repository\org\apache\camel\springboot\camel-saga-starter\3.20.5\camel-saga-starter-3.20.5.jar;C:\Users\Admin\.m2\repository\org\apache\camel\springboot\camel-scheduler-starter\3.20.5\camel-scheduler-starter-3.20.5.jar;C:\Users\Admin\.m2\repository\org\apache\camel\springboot\camel-seda-starter\3.20.5\camel-seda-starter-3.20.5.jar;C:\Users\Admin\.m2\repository\org\apache\camel\springboot\camel-stub-starter\3.20.5\camel-stub-starter-3.20.5.jar;C:\Users\Admin\.m2\repository\org\apache\camel\springboot\camel-timer-starter\3.20.5\camel-timer-starter-3.20.5.jar;C:\Users\Admin\.m2\repository\org\apache\camel\springboot\camel-validator-starter\3.20.5\camel-validator-starter-3.20.5.jar;C:\Users\Admin\.m2\repository\org\apache\camel\springboot\camel-vm-starter\3.20.5\camel-vm-starter-3.20.5.jar;C:\Users\Admin\.m2\repository\org\apache\camel\springboot\camel-xpath-starter\3.20.5\camel-xpath-starter-3.20.5.jar;C:\Users\Admin\.m2\repository\org\apache\camel\springboot\camel-xslt-starter\3.20.5\camel-xslt-starter-3.20.5.jar;C:\Users\Admin\.m2\repository\org\apache\camel\springboot\camel-xml-jaxp-starter\3.20.5\camel-xml-jaxp-starter-3.20.5.jar;C:\Users\Admin\.m2\repository\org\apache\camel\camel-core\3.21.0\camel-core-3.21.0.jar;C:\Users\Admin\.m2\repository\org\apache\camel\camel-core-engine\3.21.0\camel-core-engine-3.21.0.jar;C:\Users\Admin\.m2\repository\org\apache\camel\camel-api\3.21.0\camel-api-3.21.0.jar;C:\Users\Admin\.m2\repository\org\apache\camel\camel-base-engine\3.21.0\camel-base-engine-3.21.0.jar;C:\Users\Admin\.m2\repository\org\apache\camel\camel-base\3.21.0\camel-base-3.21.0.jar;C:\Users\Admin\.m2\repository\org\apache\camel\camel-core-reifier\3.21.0\camel-core-reifier-3.21.0.jar;C:\Users\Admin\.m2\repository\org\apache\camel\camel-core-processor\3.21.0\camel-core-processor-3.21.0.jar;C:\Users\Admin\.m2\repository\org\apache\camel\camel-management-api\3.21.0\camel-management-api-3.21.0.jar;C:\Users\Admin\.m2\repository\org\apache\camel\camel-support\3.21.0\camel-support-3.21.0.jar;C:\Users\Admin\.m2\repository\org\apache\camel\camel-util\3.21.0\camel-util-3.21.0.jar;C:\Users\Admin\.m2\repository\org\apache\camel\camel-core-languages\3.21.0\camel-core-languages-3.21.0.jar;C:\Users\Admin\.m2\repository\org\apache\camel\camel-core-model\3.21.0\camel-core-model-3.21.0.jar;C:\Users\Admin\.m2\repository\org\apache\camel\camel-bean\3.21.0\camel-bean-3.21.0.jar;C:\Users\Admin\.m2\repository\org\apache\camel\camel-browse\3.21.0\camel-browse-3.21.0.jar;C:\Users\Admin\.m2\repository\org\apache\camel\camel-cluster\3.21.0\camel-cluster-3.21.0.jar;C:\Users\Admin\.m2\repository\org\apache\camel\camel-controlbus\3.21.0\camel-controlbus-3.21.0.jar;C:\Users\Admin\.m2\repository\org\apache\camel\camel-dataformat\3.21.0\camel-dataformat-3.21.0.jar;C:\Users\Admin\.m2\repository\org\apache\camel\camel-dataset\3.21.0\camel-dataset-3.21.0.jar;C:\Users\Admin\.m2\repository\org\apache\camel\camel-direct\3.21.0\camel-direct-3.21.0.jar;C:\Users\Admin\.m2\repository\org\apache\camel\camel-directvm\3.21.0\camel-directvm-3.21.0.jar;C:\Users\Admin\.m2\repository\org\apache\camel\camel-file\3.21.0\camel-file-3.21.0.jar;C:\Users\Admin\.m2\repository\org\apache\camel\camel-health\3.21.0\camel-health-3.21.0.jar;C:\Users\Admin\.m2\repository\org\apache\camel\camel-language\3.21.0\camel-language-3.21.0.jar;C:\Users\Admin\.m2\repository\org\apache\camel\camel-log\3.21.0\camel-log-3.21.0.jar;C:\Users\Admin\.m2\repository\org\apache\camel\camel-mock\3.21.0\camel-mock-3.21.0.jar;C:\Users\Admin\.m2\repository\org\apache\camel\camel-ref\3.21.0\camel-ref-3.21.0.jar;C:\Users\Admin\.m2\repository\org\apache\camel\camel-rest\3.21.0\camel-rest-3.21.0.jar;C:\Users\Admin\.m2\repository\org\apache\camel\camel-tooling-model\3.21.0\camel-tooling-model-3.21.0.jar;C:\Users\Admin\.m2\repository\org\apache\camel\camel-saga\3.21.0\camel-saga-3.21.0.jar;C:\Users\Admin\.m2\repository\org\apache\camel\camel-scheduler\3.21.0\camel-scheduler-3.21.0.jar;C:\Users\Admin\.m2\repository\org\apache\camel\camel-seda\3.21.0\camel-seda-3.21.0.jar;C:\Users\Admin\.m2\repository\org\apache\camel\camel-stub\3.21.0\camel-stub-3.21.0.jar;C:\Users\Admin\.m2\repository\org\apache\camel\camel-timer\3.21.0\camel-timer-3.21.0.jar;C:\Users\Admin\.m2\repository\org\apache\camel\camel-validator\3.21.0\camel-validator-3.21.0.jar;C:\Users\Admin\.m2\repository\org\apache\camel\camel-vm\3.21.0\camel-vm-3.21.0.jar;C:\Users\Admin\.m2\repository\org\apache\camel\camel-xpath\3.21.0\camel-xpath-3.21.0.jar;C:\Users\Admin\.m2\repository\org\apache\camel\camel-xslt\3.21.0\camel-xslt-3.21.0.jar;C:\Users\Admin\.m2\repository\org\apache\camel\camel-xml-jaxb\3.21.0\camel-xml-jaxb-3.21.0.jar;C:\Users\Admin\.m2\repository\com\sun\xml\bind\jaxb-core\4.0.5\jaxb-core-4.0.5.jar;C:\Users\Admin\.m2\repository\org\eclipse\angus\angus-activation\2.0.2\angus-activation-2.0.2.jar;C:\Users\Admin\.m2\repository\com\sun\xml\bind\jaxb-impl\4.0.5\jaxb-impl-4.0.5.jar;C:\Users\Admin\.m2\repository\org\apache\camel\camel-xml-jaxp\3.21.0\camel-xml-jaxp-3.21.0.jar;C:\Users\Admin\.m2\repository\org\apache\camel\camel-xml-io-util\3.21.0\camel-xml-io-util-3.21.0.jar;C:\Users\Admin\.m2\repository\org\slf4j\slf4j-api\2.0.16\slf4j-api-2.0.16.jar;C:\Users\Admin\.m2\repository\javax\xml\bind\jaxb-api\2.3.0\jaxb-api-2.3.0.jar;C:\Users\Admin\.m2\repository\org\springframework\boot\spring-boot-starter\3.4.1\spring-boot-starter-3.4.1.jar;C:\Users\Admin\.m2\repository\org\springframework\boot\spring-boot\3.4.1\spring-boot-3.4.1.jar;C:\Users\Admin\.m2\repository\org\springframework\boot\spring-boot-autoconfigure\3.4.1\spring-boot-autoconfigure-3.4.1.jar;C:\Users\Admin\.m2\repository\jakarta\annotation\jakarta.annotation-api\2.1.1\jakarta.annotation-api-2.1.1.jar;C:\Users\Admin\.m2\repository\org\yaml\snakeyaml\2.3\snakeyaml-2.3.jar;C:\Users\Admin\.m2\repository\org\springframework\boot\spring-boot-starter-logging\3.4.1\spring-boot-starter-logging-3.4.1.jar;C:\Users\Admin\.m2\repository\ch\qos\logback\logback-classic\1.5.12\logback-classic-1.5.12.jar;C:\Users\Admin\.m2\repository\ch\qos\logback\logback-core\1.5.12\logback-core-1.5.12.jar;C:\Users\Admin\.m2\repository\org\apache\logging\log4j\log4j-to-slf4j\2.24.3\log4j-to-slf4j-2.24.3.jar;C:\Users\Admin\.m2\repository\org\apache\logging\log4j\log4j-api\2.24.3\log4j-api-2.24.3.jar;C:\Users\Admin\.m2\repository\org\slf4j\jul-to-slf4j\2.0.16\jul-to-slf4j-2.0.16.jar;C:\Users\Admin\.m2\repository\org\apache\camel\camel-http\3.21.0\camel-http-3.21.0.jar;C:\Users\Admin\.m2\repository\org\apache\camel\camel-cloud\3.21.0\camel-cloud-3.21.0.jar;C:\Users\Admin\.m2\repository\org\apache\camel\camel-http-common\3.21.0\camel-http-common-3.21.0.jar;C:\Users\Admin\.m2\repository\org\apache\camel\camel-http-base\3.21.0\camel-http-base-3.21.0.jar;C:\Users\Admin\.m2\repository\org\apache\camel\camel-attachments\3.21.0\camel-attachments-3.21.0.jar;C:\Users\Admin\.m2\repository\com\sun\activation\javax.activation\1.2.0\javax.activation-1.2.0.jar;C:\Users\Admin\.m2\repository\javax\servlet\javax.servlet-api\3.1.0\javax.servlet-api-3.1.0.jar;C:\Users\Admin\.m2\repository\org\apache\httpcomponents\httpclient\4.5.14\httpclient-4.5.14.jar;C:\Users\Admin\.m2\repository\org\apache\httpcomponents\httpcore\4.4.16\httpcore-4.4.16.jar;C:\Users\Admin\.m2\repository\commons-logging\commons-logging\1.2\commons-logging-1.2.jar;C:\Users\Admin\.m2\repository\commons-codec\commons-codec\1.17.1\commons-codec-1.17.1.jar;C:\Users\Admin\.m2\repository\org\springframework\boot\spring-boot-starter-data-mongodb\3.4.1\spring-boot-starter-data-mongodb-3.4.1.jar;C:\Users\Admin\.m2\repository\org\mongodb\mongodb-driver-sync\5.2.1\mongodb-driver-sync-5.2.1.jar;C:\Users\Admin\.m2\repository\org\mongodb\bson\5.2.1\bson-5.2.1.jar;C:\Users\Admin\.m2\repository\org\mongodb\mongodb-driver-core\5.2.1\mongodb-driver-core-5.2.1.jar;C:\Users\Admin\.m2\repository\org\mongodb\bson-record-codec\5.2.1\bson-record-codec-5.2.1.jar;C:\Users\Admin\.m2\repository\org\springframework\data\spring-data-mongodb\4.4.1\spring-data-mongodb-4.4.1.jar;C:\Users\Admin\.m2\repository\org\springframework\spring-tx\6.2.1\spring-tx-6.2.1.jar;C:\Users\Admin\.m2\repository\org\springframework\data\spring-data-commons\3.4.1\spring-data-commons-3.4.1.jar;"/>
    <property name="sun.cpu.endian" value="little"/>
    <property name="user.home" value="C:\Users\Admin"/>
    <property name="user.language" value="en"/>
    <property name="java.specification.vendor" value="Oracle Corporation"/>
    <property name="java.version.date" value="2023-07-18"/>
    <property name="java.home" value="C:\Program Files\Microsoft\jdk-17.0.8.7-hotspot"/>
    <property name="file.separator" value="\"/>
    <property name="basedir" value="C:\Srinivas_Developer\myfinalyst\apps\myfinalysterpint"/>
    <property name="java.vm.compressedOopsMode" value="Zero based"/>
    <property name="line.separator" value="&#10;"/>
    <property name="java.vm.specification.vendor" value="Oracle Corporation"/>
    <property name="java.specification.name" value="Java Platform API Specification"/>
    <property name="FILE_LOG_CHARSET" value="windows-1252"/>
    <property name="java.awt.headless" value="true"/>
    <property name="surefire.real.class.path" value="C:\Users\Admin\AppData\Local\Temp\surefire5370227918151862206\surefirebooter-20250108151644802_3.jar"/>
    <property name="user.script" value=""/>
    <property name="sun.management.compiler" value="HotSpot 64-Bit Tiered Compilers"/>
    <property name="java.runtime.version" value="17.0.8+7-LTS"/>
    <property name="user.name" value="Admin"/>
    <property name="path.separator" value=";"/>
    <property name="os.version" value="10.0"/>
    <property name="java.runtime.name" value="OpenJDK Runtime Environment"/>
    <property name="file.encoding" value="Cp1252"/>
    <property name="java.vm.name" value="OpenJDK 64-Bit Server VM"/>
    <property name="java.vendor.version" value="Microsoft-8035246"/>
    <property name="localRepository" value="C:\Users\Admin\.m2\repository"/>
    <property name="java.vendor.url.bug" value="https://github.com/microsoft/openjdk/issues"/>
    <property name="java.io.tmpdir" value="C:\Users\Admin\AppData\Local\Temp\"/>
    <property name="java.version" value="17.0.8"/>
    <property name="user.dir" value="C:\Srinivas_Developer\myfinalyst\apps\myfinalysterpint"/>
    <property name="os.arch" value="amd64"/>
    <property name="java.vm.specification.name" value="Java Virtual Machine Specification"/>
    <property name="PID" value="18184"/>
    <property name="sun.os.patch.level" value=""/>
    <property name="CONSOLE_LOG_CHARSET" value="windows-1252"/>
    <property name="native.encoding" value="Cp1252"/>
    <property name="java.library.path" value="C:\Program Files\Microsoft\jdk-17.0.8.7-hotspot\bin;C:\WINDOWS\Sun\Java\bin;C:\WINDOWS\system32;C:\WINDOWS;C:\Program Files\Microsoft\jdk-17.0.8.7-hotspot\bin;C:\Windows\System32;C:\Windows;C:\Windows\System32\wbem;C:\Windows\System32\WindowsPowerShell\v1.0\;C:\Windows\System32\OpenSSH\;C:\ProgramData\chocolatey\bin;C:\Program Files\Git\cmd;C:\Program Files\nodejs\;C:\Program Files\PuTTY\;C:\Program Files\7-Zip;C:\Program Files (x86)\GnuPG\bin;C:\Users\Admin\Downloads\ffmpeg-2024-05-20-git-127ded5078-full_build\ffmpeg-2024-05-20-git-127ded5078-full_build\bin;C:\Program Files\OpenSSL-Win64\bin;C:\WINDOWS\system32;C:\WINDOWS;C:\WINDOWS\System32\Wbem;C:\WINDOWS\System32\WindowsPowerShell\v1.0\;C:\WINDOWS\System32\OpenSSH\;C:\Program Files\MongoDB\Server\8.0\bin\;C:\Program Files\MongoDB\Tools\100\bin\;C:\Program Files\MySQL\MySQL Shell 9.0\bin\;C:\Users\Admin\AppData\Local\Programs\Python\Python311\Scripts\;C:\Users\Admin\AppData\Local\Programs\Python\Python311\;C:\Users\Admin\AppData\Local\Android\Sdk\platform-tools;C:\Users\Admin\AppData\Local\Android\Sdk\tools;C:\Users\Admin\AppData\Local\jdk-11.0.2\bin;C:\Users\Admin\AppData\Local\Microsoft\WindowsApps;C:\Users\Admin\AppData\Roaming\npm;C:\Program Files\OpenSSL-Win64\bin;C:\Srinivas_Developer\flutter\flutter\bin;C:\Users\Admin\AppData\Local\Programs\Microsoft VS Code\bin;C:\Users\Admin\AppData\Local\Microsoft\WinGet\Packages\Microsoft.devtunnel_Microsoft.Winget.Source_8wekyb3d8bbwe;;."/>
    <property name="java.vm.info" value="mixed mode, sharing"/>
    <property name="java.vendor" value="Microsoft"/>
    <property name="java.vm.version" value="17.0.8+7-LTS"/>
    <property name="sun.io.unicode.encoding" value="UnicodeLittle"/>
    <property name="java.class.version" value="61.0"/>
    <property name="LOGGED_APPLICATION_NAME" value="[myfinalysterpint] "/>
  </properties>
  <testcase name="contextLoads" classname="com.get.erpintegration.ERPIntegrationApplicationTests" time="1.041">
    <system-out><![CDATA[15:16:46.206 [main] INFO org.springframework.test.context.support.AnnotationConfigContextLoaderUtils -- Could not detect default configuration classes for test class [com.get.erpintegration.ERPIntegrationApplicationTests]: ERPIntegrationApplicationTests does not declare any static, non-private, non-final, nested classes annotated with @Configuration.
15:16:46.413 [main] INFO org.springframework.boot.test.context.SpringBootTestContextBootstrapper -- Found @SpringBootConfiguration com.get.erpintegration.ERPIntegrationApplication for test class com.get.erpintegration.ERPIntegrationApplicationTests

  .   ____          _            __ _ _
 /\\ / ___'_ __ _ _(_)_ __  __ _ \ \ \ \
( ( )\___ | '_ | '_| | '_ \/ _` | \ \ \ \
 \\/  ___)| |_)| | | | | || (_| |  ) ) ) )
  '  |____| .__|_| |_|_| |_\__, | / / / /
 =========|_|==============|___/=/_/_/_/

 :: Spring Boot ::                (v3.4.1)

2025-01-08T15:16:47.236+05:30  INFO 18184 --- [myfinalysterpint] [           main] c.g.e.ERPIntegrationApplicationTests     : Starting ERPIntegrationApplicationTests using Java 17.0.8 with PID 18184 (started by Admin in C:\Srinivas_Developer\myfinalyst\apps\myfinalysterpint)
2025-01-08T15:16:47.241+05:30  INFO 18184 --- [myfinalysterpint] [           main] c.g.e.ERPIntegrationApplicationTests     : No active profile set, falling back to 1 default profile: "default"
2025-01-08T15:16:48.585+05:30  INFO 18184 --- [myfinalysterpint] [           main] .s.d.r.c.RepositoryConfigurationDelegate : Bootstrapping Spring Data MongoDB repositories in DEFAULT mode.
2025-01-08T15:16:48.740+05:30  INFO 18184 --- [myfinalysterpint] [           main] .s.d.r.c.RepositoryConfigurationDelegate : Finished Spring Data repository scanning in 111 ms. Found 2 MongoDB repository interfaces.
2025-01-08T15:16:49.647+05:30  INFO 18184 --- [myfinalysterpint] [           main] o.a.c.impl.engine.AbstractCamelContext   : Apache Camel 3.21.0 (camel-1) is starting
2025-01-08T15:16:49.656+05:30  INFO 18184 --- [myfinalysterpint] [           main] o.a.c.impl.engine.AbstractCamelContext   : Routes startup (started:0)
2025-01-08T15:16:49.657+05:30  INFO 18184 --- [myfinalysterpint] [           main] o.a.c.impl.engine.AbstractCamelContext   : Apache Camel 3.21.0 (camel-1) started in 173ms (build:82ms init:83ms start:8ms)
Camel context started...
2025-01-08T15:16:50.065+05:30  INFO 18184 --- [myfinalysterpint] [           main] org.mongodb.driver.client                : MongoClient with metadata {"driver": {"name": "mongo-java-driver|sync|spring-boot", "version": "5.2.1"}, "os": {"type": "Windows", "name": "Windows 11", "architecture": "amd64", "version": "10.0"}, "platform": "Java/Microsoft/17.0.8+7-LTS"} created with settings MongoClientSettings{readPreference=primary, writeConcern=WriteConcern{w=null, wTimeout=null ms, journal=null}, retryWrites=true, retryReads=true, readConcern=ReadConcern{level=null}, credential=null, transportSettings=null, commandListeners=[], codecRegistry=ProvidersCodecRegistry{codecProviders=[ValueCodecProvider{}, BsonValueCodecProvider{}, DBRefCodecProvider{}, DBObjectCodecProvider{}, DocumentCodecProvider{}, CollectionCodecProvider{}, IterableCodecProvider{}, MapCodecProvider{}, GeoJsonCodecProvider{}, GridFSFileCodecProvider{}, Jsr310CodecProvider{}, JsonObjectCodecProvider{}, BsonCodecProvider{}, EnumCodecProvider{}, com.mongodb.client.model.mql.ExpressionCodecProvider@217dc48e, com.mongodb.Jep395RecordCodecProvider@5db948c9, com.mongodb.KotlinCodecProvider@296edc75]}, loggerSettings=LoggerSettings{maxDocumentLength=1000}, clusterSettings={hosts=[localhost:27017], srvServiceName=mongodb, mode=SINGLE, requiredClusterType=UNKNOWN, requiredReplicaSetName='null', serverSelector='null', clusterListeners='[]', serverSelectionTimeout='30000 ms', localThreshold='15 ms'}, socketSettings=SocketSettings{connectTimeoutMS=10000, readTimeoutMS=0, receiveBufferSize=0, proxySettings=ProxySettings{host=null, port=null, username=null, password=null}}, heartbeatSocketSettings=SocketSettings{connectTimeoutMS=10000, readTimeoutMS=10000, receiveBufferSize=0, proxySettings=ProxySettings{host=null, port=null, username=null, password=null}}, connectionPoolSettings=ConnectionPoolSettings{maxSize=100, minSize=0, maxWaitTimeMS=120000, maxConnectionLifeTimeMS=0, maxConnectionIdleTimeMS=0, maintenanceInitialDelayMS=0, maintenanceFrequencyMS=60000, connectionPoolListeners=[], maxConnecting=2}, serverSettings=ServerSettings{heartbeatFrequencyMS=10000, minHeartbeatFrequencyMS=500, serverMonitoringMode=AUTO, serverListeners='[]', serverMonitorListeners='[]'}, sslSettings=SslSettings{enabled=false, invalidHostNameAllowed=false, context=null}, applicationName='null', compressorList=[], uuidRepresentation=JAVA_LEGACY, serverApi=null, autoEncryptionSettings=null, dnsClient=null, inetAddressResolver=null, contextProvider=null, timeoutMS=null}
2025-01-08T15:16:50.105+05:30  INFO 18184 --- [myfinalysterpint] [localhost:27017] org.mongodb.driver.cluster               : Monitor thread successfully connected to server with description ServerDescription{address=localhost:27017, type=STANDALONE, cryptd=false, state=CONNECTED, ok=true, minWireVersion=0, maxWireVersion=25, maxDocumentSize=16777216, logicalSessionTimeoutMinutes=30, roundTripTimeNanos=38367800, minRoundTripTimeNanos=0}
Camel Context Initialized: CamelContext(camel-1)
2025-01-08T15:16:51.762+05:30  INFO 18184 --- [myfinalysterpint] [           main] c.g.e.ERPIntegrationApplicationTests     : Started ERPIntegrationApplicationTests in 5.052 seconds (process running for 6.776)
2025-01-08T15:16:52.024+05:30  INFO 18184 --- [myfinalysterpint] [- timer://tally] TallyCompaniesRoute                      : Timer triggered...
2025-01-08T15:16:52.147+05:30  INFO 18184 --- [myfinalysterpint] [- timer://tally] TallyCompaniesRoute                      : Error occurred while fetching companies from Tally: Connect to localhost:9000 [localhost/127.0.0.1, localhost/0:0:0:0:0:0:0:1] failed: Connection refused: connect
2025-01-08T15:16:52.149+05:30  INFO 18184 --- [myfinalysterpint] [- timer://tally] TallyLedgersRoute                        : Timer triggered...
2025-01-08T15:16:52.152+05:30  INFO 18184 --- [myfinalysterpint] [- timer://tally] TallyLedgersRoute                        : Error occurred while fetching ledgers from Tally: Connect to localhost:9000 [localhost/127.0.0.1, localhost/0:0:0:0:0:0:0:1] failed: Connection refused: connect
]]></system-out>
  </testcase>
</testsuite>